* UniBox Frequency Response Data Export
* Date: 2021-06-09  Time: 10:54:00 AM 
*
* Driver: B&C 15PZB100
*  Configuration: Single drive unit
* Vented Box Alignment:
*  Vb = 58.00 l
*  No. of ports = 2 
*  Port diametre = 10.20 cm
*  Port length = 20.63 cm
*  F3 = 54.95 Hz
*  Fb = 56.08 Hz
*  Qa = 30.00
*  Ql = 7.00
*  Qp = 140.00
*
* Response at 2.83 Vrms 1 m
* Frequency[Hz] Level[dBspl] Phase[Deg]
*
10.0000    41.7148    -48.9591
10.0925    42.0117    -49.2997
10.1859    42.3083    -49.6425
10.2802    42.6046    -49.9874
10.3753    42.9007    -50.3344
10.4713    43.1965    -50.6835
10.5682    43.4920    -51.0347
10.6660    43.7873    -51.3880
10.7647    44.0822    -51.7434
10.8643    44.3769    -52.1009
10.9648    44.6714    -52.4605
11.0662    44.9655    -52.8221
11.1686    45.2594    -53.1858
11.2720    45.5530    -53.5516
11.3763    45.8463    -53.9194
11.4815    46.1394    -54.2892
11.5878    46.4321    -54.6612
11.6950    46.7246    -55.0351
11.8032    47.0168    -55.4111
11.9124    47.3088    -55.7891
12.0226    47.6004    -56.1691
12.1339    47.8918    -56.5512
12.2462    48.1829    -56.9352
12.3595    48.4738    -57.3213
12.4738    48.7643    -57.7093
12.5893    49.0546    -58.0994
12.7057    49.3446    -58.4914
12.8233    49.6343    -58.8855
12.9420    49.9238    -59.2815
13.0617    50.2130    -59.6795
13.1826    50.5019    -60.0794
13.3045    50.7906    -60.4814
13.4276    51.0789    -60.8853
13.5519    51.3670    -61.2912
13.6773    51.6549    -61.6990
13.8038    51.9425    -62.1088
13.9316    52.2298    -62.5205
14.0605    52.5168    -62.9342
14.1906    52.8036    -63.3499
14.3219    53.0902    -63.7675
14.4544    53.3765    -64.1870
14.5881    53.6625    -64.6085
14.7231    53.9483    -65.0320
14.8594    54.2338    -65.4574
14.9968    54.5191    -65.8847
15.1356    54.8041    -66.3140
15.2757    55.0889    -66.7453
15.4170    55.3734    -67.1785
15.5597    55.6578    -67.6137
15.7036    55.9419    -68.0508
15.8489    56.2257    -68.4899
15.9956    56.5093    -68.9310
16.1436    56.7927    -69.3741
16.2930    57.0759    -69.8191
16.4437    57.3589    -70.2662
16.5959    57.6417    -70.7152
16.7494    57.9242    -71.1663
16.9044    58.2066    -71.6194
17.0608    58.4887    -72.0745
17.2187    58.7707    -72.5316
17.3780    59.0524    -72.9908
17.5388    59.3340    -73.4521
17.7011    59.6154    -73.9154
17.8649    59.8966    -74.3809
18.0302    60.1776    -74.8484
18.1970    60.4585    -75.3181
18.3654    60.7392    -75.7899
18.5353    61.0197    -76.2639
18.7068    61.3001    -76.7401
18.8799    61.5803    -77.2185
19.0546    61.8604    -77.6991
19.2309    62.1404    -78.1820
19.4089    62.4202    -78.6672
19.5884    62.6999    -79.1547
19.7697    62.9795    -79.6445
19.9526    63.2590    -80.1367
20.1372    63.5383    -80.6313
20.3236    63.8176    -81.1283
20.5116    64.0968    -81.6278
20.7014    64.3758    -82.1298
20.8930    64.6548    -82.6343
21.0863    64.9338    -83.1415
21.2814    65.2126    -83.6512
21.4783    65.4914    -84.1636
21.6770    65.7702    -84.6788
21.8776    66.0489    -85.1967
22.0800    66.3276    -85.7174
22.2844    66.6062    -86.2410
22.4905    66.8848    -86.7675
22.6986    67.1635    -87.2970
22.9087    67.4421    -87.8295
23.1206    67.7207    -88.3651
23.3346    67.9993    -88.9039
23.5505    68.2779    -89.4459
23.7684    68.5566    -89.9912
23.9883    68.8353    -90.5400
24.2103    69.1141    -91.0921
24.4343    69.3929    -91.6478
24.6604    69.6718    -92.2070
24.8886    69.9507    -92.7700
25.1189    70.2297    -93.3367
25.3513    70.5089    -93.9074
25.5859    70.7881    -94.4820
25.8226    71.0674    -95.0606
26.0615    71.3469    -95.6435
26.3027    71.6265    -96.2306
26.5461    71.9062    -96.8221
26.7917    72.1861    -97.4181
27.0396    72.4661    -98.0188
27.2898    72.7464    -98.6242
27.5423    73.0268    -99.2345
27.7971    73.3073    -99.8498
28.0543    73.5881    -100.4703
28.3139    73.8691    -101.0961
28.5759    74.1504    -101.7274
28.8403    74.4318    -102.3643
29.1072    74.7135    -103.0070
29.3765    74.9955    -103.6557
29.6483    75.2777    -104.3105
29.9226    75.5602    -104.9716
30.1995    75.8429    -105.6393
30.4789    76.1260    -106.3137
30.7610    76.4094    -106.9950
31.0456    76.6930    -107.6835
31.3329    76.9770    -108.3793
31.6228    77.2613    -109.0828
31.9154    77.5460    -109.7941
32.2107    77.8310    -110.5135
32.5087    78.1163    -111.2414
32.8095    78.4020    -111.9778
33.1131    78.6881    -112.7233
33.4195    78.9746    -113.4779
33.7287    79.2614    -114.2422
34.0408    79.5486    -115.0163
34.3558    79.8362    -115.8006
34.6737    80.1241    -116.5955
34.9945    80.4125    -117.4013
35.3183    80.7012    -118.2184
35.6451    80.9904    -119.0472
35.9749    81.2799    -119.8882
36.3078    81.5698    -120.7416
36.6438    81.8600    -121.6081
36.9828    82.1506    -122.4880
37.3250    82.4416    -123.3818
37.6704    82.7329    -124.2900
38.0189    83.0246    -125.2131
38.3707    83.3165    -126.1517
38.7258    83.6088    -127.1063
39.0841    83.9013    -128.0774
39.4457    84.1940    -129.0657
39.8107    84.4869    -130.0718
40.1791    84.7800    -131.0962
40.5509    85.0732    -132.1397
40.9261    85.3664    -133.2029
41.3048    85.6597    -134.2864
41.6869    85.9529    -135.3911
42.0727    86.2460    -136.5175
42.4620    86.5390    -137.6664
42.8549    86.8316    -138.8386
43.2514    87.1239    -140.0348
43.6516    87.4158    -141.2557
44.0555    87.7070    -142.5022
44.4631    87.9976    -143.7749
44.8745    88.2874    -145.0747
45.2898    88.5761    -146.4023
45.7088    88.8638    -147.7584
46.1318    89.1502    -149.1438
46.5586    89.4352    -150.5591
46.9894    89.7184    -152.0050
47.4242    89.9999    -153.4821
47.8630    90.2792    -154.9909
48.3059    90.5562    -156.5320
48.7528    90.8306    -158.1057
49.2040    91.1022    -159.7124
49.6592    91.3707    -161.3524
50.1187    91.6358    -163.0256
50.5825    91.8972    -164.7321
51.0505    92.1545    -166.4717
51.5229    92.4075    -168.2441
51.9996    92.6559    -170.0489
52.4807    92.8992    -171.8853
52.9663    93.1372    -173.7525
53.4564    93.3694    -175.6494
53.9511    93.5957    -177.5748
54.4503    93.8156    -179.5271
54.9541    94.0288    178.4952
55.4626    94.2351    176.4942
55.9758    94.4341    174.4720
56.4937    94.6256    172.4307
57.0164    94.8094    170.3730
57.5440    94.9852    168.3014
58.0764    95.1529    166.2188
58.6138    95.3124    164.1280
59.1562    95.4636    162.0321
59.7035    95.6064    159.9340
60.2560    95.7408    157.8369
60.8135    95.8668    155.7438
61.3762    95.9846    153.6576
61.9441    96.0941    151.5814
62.5173    96.1957    149.5180
63.0957    96.2894    147.4701
63.6796    96.3755    145.4403
64.2688    96.4543    143.4308
64.8634    96.5259    141.4441
65.4636    96.5907    139.4819
66.0693    96.6490    137.5461
66.6807    96.7012    135.6384
67.2977    96.7474    133.7600
67.9204    96.7882    131.9121
68.5488    96.8237    130.0957
69.1831    96.8544    128.3115
69.8232    96.8806    126.5601
70.4693    96.9026    124.8418
71.1214    96.9208    123.1570
71.7794    96.9353    121.5058
72.4436    96.9466    119.8879
73.1139    96.9549    118.3034
73.7904    96.9605    116.7519
74.4732    96.9636    115.2331
75.1623    96.9645    113.7465
75.8578    96.9633    112.2916
76.5597    96.9604    110.8678
77.2681    96.9559    109.4746
77.9830    96.9500    108.1111
78.7046    96.9429    106.7769
79.4328    96.9347    105.4711
80.1678    96.9255    104.1930
80.9096    96.9156    102.9418
81.6582    96.9050    101.7169
82.4138    96.8938    100.5175
83.1764    96.8822    99.3428
83.9460    96.8702    98.1921
84.7227    96.8579    97.0646
85.5067    96.8454    95.9597
86.2979    96.8328    94.8767
87.0964    96.8202    93.8149
87.9023    96.8075    92.7735
88.7156    96.7948    91.7520
89.5365    96.7823    90.7496
90.3649    96.7698    89.7659
91.2011    96.7576    88.8001
92.0450    96.7455    87.8518
92.8966    96.7336    86.9203
93.7562    96.7220    86.0052
94.6237    96.7106    85.1058
95.4993    96.6995    84.2218
96.3829    96.6887    83.3526
97.2747    96.6782    82.4977
98.1748    96.6680    81.6567
99.0832    96.6582    80.8292
100.0000    96.6487    80.0147
100.9253    96.6395    79.2129
101.8591    96.6306    78.4234
102.8016    96.6221    77.6458
103.7528    96.6140    76.8797
104.7129    96.6061    76.1249
105.6818    96.5987    75.3810
106.6596    96.5915    74.6476
107.6465    96.5847    73.9245
108.6426    96.5782    73.2115
109.6478    96.5721    72.5081
110.6624    96.5662    71.8142
111.6863    96.5607    71.1295
112.7197    96.5555    70.4538
113.7627    96.5506    69.7868
114.8154    96.5460    69.1283
115.8777    96.5417    68.4781
116.9499    96.5376    67.8360
118.0321    96.5339    67.2017
119.1242    96.5304    66.5752
120.2264    96.5272    65.9561
121.3389    96.5242    65.3444
122.4616    96.5215    64.7399
123.5947    96.5190    64.1423
124.7384    96.5168    63.5516
125.8925    96.5148    62.9676
127.0574    96.5130    62.3901
128.2331    96.5114    61.8191
129.4196    96.5101    61.2543
130.6171    96.5089    60.6957
131.8257    96.5079    60.1431
133.0454    96.5071    59.5964
134.2765    96.5065    59.0555
135.5189    96.5061    58.5202
136.7729    96.5058    57.9906
138.0384    96.5057    57.4664
139.3157    96.5058    56.9476
140.6048    96.5060    56.4341
141.9058    96.5063    55.9258
143.2188    96.5068    55.4225
144.5440    96.5074    54.9243
145.8814    96.5081    54.4310
147.2313    96.5089    53.9425
148.5936    96.5099    53.4588
149.9685    96.5110    52.9799
151.3561    96.5121    52.5055
152.7566    96.5134    52.0357
154.1700    96.5148    51.5704
155.5966    96.5162    51.1095
157.0363    96.5178    50.6529
158.4893    96.5194    50.2007
159.9558    96.5211    49.7526
161.4359    96.5228    49.3088
162.9296    96.5247    48.8691
164.4372    96.5266    48.4334
165.9587    96.5285    48.0018
167.4943    96.5305    47.5741
169.0441    96.5326    47.1503
170.6082    96.5347    46.7304
172.1869    96.5369    46.3143
173.7801    96.5391    45.9020
175.3881    96.5413    45.4934
177.0109    96.5436    45.0884
178.6488    96.5459    44.6871
180.3018    96.5483    44.2895
181.9701    96.5506    43.8953
183.6538    96.5530    43.5047
185.3532    96.5554    43.1175
187.0682    96.5579    42.7338
188.7991    96.5604    42.3535
190.5461    96.5628    41.9766
192.3092    96.5653    41.6030
194.0886    96.5678    41.2327
195.8845    96.5704    40.8656
197.6970    96.5729    40.5018
199.5262    96.5754    40.1411
201.3724    96.5780    39.7837
203.2357    96.5805    39.4294
205.1162    96.5831    39.0781
207.0141    96.5856    38.7300
208.9296    96.5881    38.3848
210.8628    96.5907    38.0427
212.8139    96.5932    37.7036
214.7830    96.5958    37.3675
216.7704    96.5983    37.0342
218.7762    96.6008    36.7039
220.8005    96.6033    36.3764
222.8435    96.6058    36.0518
224.9055    96.6083    35.7301
226.9865    96.6108    35.4111
229.0868    96.6133    35.0949
231.2065    96.6158    34.7814
233.3458    96.6182    34.4707
235.5049    96.6206    34.1626
237.6840    96.6230    33.8573
239.8833    96.6254    33.5546
242.1029    96.6278    33.2545
244.3431    96.6302    32.9570
246.6039    96.6325    32.6621
248.8857    96.6349    32.3698
251.1886    96.6372    32.0800
253.5129    96.6395    31.7928
255.8586    96.6418    31.5080
258.2260    96.6440    31.2257
260.6154    96.6463    30.9458
263.0268    96.6485    30.6684
265.4606    96.6507    30.3934
267.9168    96.6528    30.1208
270.3958    96.6550    29.8506
272.8978    96.6571    29.5827
275.4229    96.6592    29.3172
277.9713    96.6613    29.0540
280.5434    96.6634    28.7930
283.1392    96.6654    28.5344
285.7591    96.6675    28.2780
288.4032    96.6695    28.0238
291.0717    96.6715    27.7718
293.7650    96.6734    27.5221
296.4831    96.6753    27.2745
299.2265    96.6773    27.0291
301.9952    96.6791    26.7859
304.7895    96.6810    26.5447
307.6097    96.6829    26.3057
310.4560    96.6847    26.0688
313.3286    96.6865    25.8339
316.2278    96.6883    25.6012
319.1538    96.6900    25.3704
322.1069    96.6917    25.1417
325.0873    96.6935    24.9150
328.0953    96.6951    24.6902
331.1311    96.6968    24.4675
334.1950    96.6985    24.2467
337.2873    96.7001    24.0278
340.4082    96.7017    23.8109
343.5579    96.7033    23.5959
346.7369    96.7048    23.3827
349.9452    96.7064    23.1715
353.1832    96.7079    22.9621
356.4511    96.7094    22.7546
359.7493    96.7108    22.5489
363.0781    96.7123    22.3450
366.4376    96.7137    22.1429
369.8282    96.7152    21.9426
373.2502    96.7165    21.7440
376.7038    96.7179    21.5473
380.1894    96.7193    21.3522
383.7072    96.7206    21.1589
387.2576    96.7219    20.9673
390.8409    96.7232    20.7774
394.4573    96.7245    20.5892
398.1072    96.7257    20.4027
401.7908    96.7270    20.2178
405.5085    96.7282    20.0345
409.2607    96.7294    19.8529
413.0475    96.7306    19.6729
416.8694    96.7318    19.4945
420.7266    96.7329    19.3177
424.6196    96.7340    19.1424
428.5485    96.7352    18.9687
432.5138    96.7362    18.7966
436.5158    96.7373    18.6260
440.5549    96.7384    18.4569
444.6313    96.7394    18.2893
448.7454    96.7405    18.1233
452.8976    96.7415    17.9587
457.0882    96.7425    17.7955
461.3176    96.7435    17.6339
465.5861    96.7444    17.4736
469.8941    96.7454    17.3148
474.2420    96.7463    17.1575
478.6301    96.7472    17.0015
483.0588    96.7481    16.8469
487.5285    96.7490    16.6937
492.0395    96.7499    16.5419
496.5923    96.7508    16.3915
501.1872    96.7516    16.2424
505.8247    96.7525    16.0946
510.5050    96.7533    15.9481
515.2286    96.7541    15.8030
519.9960    96.7549    15.6592
524.8075    96.7557    15.5167
529.6634    96.7564    15.3754
534.5644    96.7572    15.2354
539.5106    96.7580    15.0967
544.5027    96.7587    14.9592
549.5409    96.7594    14.8230
554.6257    96.7601    14.6879
559.7576    96.7608    14.5541
564.9370    96.7615    14.4215
570.1643    96.7622    14.2901
575.4399    96.7628    14.1599
580.7644    96.7635    14.0308
586.1382    96.7641    13.9030
591.5616    96.7648    13.7762
597.0353    96.7654    13.6506
602.5596    96.7660    13.5262
608.1350    96.7666    13.4028
613.7620    96.7672    13.2806
619.4411    96.7678    13.1595
625.1727    96.7683    13.0395
630.9573    96.7689    12.9205
636.7955    96.7694    12.8027
642.6877    96.7700    12.6859
648.6344    96.7705    12.5701
654.6362    96.7710    12.4554
660.6934    96.7715    12.3418
666.8068    96.7720    12.2291
672.9767    96.7725    12.1175
679.2036    96.7730    12.0069
685.4882    96.7735    11.8973
691.8310    96.7740    11.7887
698.2324    96.7744    11.6811
704.6931    96.7749    11.5744
711.2135    96.7753    11.4687
717.7943    96.7758    11.3640
724.4360    96.7762    11.2602
731.1391    96.7766    11.1574
737.9042    96.7771    11.0555
744.7320    96.7775    10.9545
751.6229    96.7779    10.8544
758.5776    96.7783    10.7552
765.5966    96.7787    10.6570
772.6806    96.7790    10.5596
779.8301    96.7794    10.4631
787.0458    96.7798    10.3675
794.3282    96.7801    10.2728
801.6781    96.7805    10.1789
809.0959    96.7808    10.0859
816.5824    96.7812    9.9937
824.1381    96.7815    9.9023
831.7638    96.7819    9.8118
839.4600    96.7822    9.7221
847.2274    96.7825    9.6332
855.0667    96.7828    9.5452
862.9785    96.7831    9.4579
870.9636    96.7834    9.3714
879.0225    96.7837    9.2857
887.1560    96.7840    9.2008
895.3648    96.7843    9.1167
903.6495    96.7846    9.0333
912.0108    96.7849    8.9507
920.4496    96.7851    8.8688
928.9664    96.7854    8.7877
937.5620    96.7857    8.7073
946.2372    96.7859    8.6277
954.9926    96.7862    8.5488
963.8290    96.7864    8.4706
972.7472    96.7867    8.3931
981.7479    96.7869    8.3163
990.8319    96.7872    8.2402
1000.0000    96.7874    8.1648
